#
# A fatal error has been detected by the Java Runtime Environment:
#
#  EXCEPTION_ACCESS_VIOLATION (0xc0000005) at pc=0x00000000732aa6a5, pid=4220, tid=2432
#
# JRE version: Java(TM) SE Runtime Environment (8.0_31-b13) (build 1.8.0_31-b13)
# Java VM: Java HotSpot(TM) 64-Bit Server VM (25.31-b07 mixed mode windows-amd64 compressed oops)
# Problematic frame:
# V  [jvm.dll+0x11a6a5]
#
# Failed to write core dump. Minidumps are not enabled by default on client versions of Windows
#
# If you would like to submit a bug report, please visit:
#   http://bugreport.java.com/bugreport/crash.jsp
#

---------------  T H R E A D  ---------------

Current thread (0x000000001e66d800):  JavaThread "JDWP Transport Listener: dt_socket" daemon [_thread_in_vm, id=2432, stack(0x000000001ed40000,0x000000001ee40000)]

siginfo: ExceptionCode=0xc0000005, reading address 0x0000003b6e003b74

Registers:
RAX=0x000000001ee3f801, RBX=0x000000001e66d800, RCX=0x0000003b6e003b74, RDX=0x0000000000000000
RSP=0x000000001ee3f7d0, RBP=0x0000003b6e003b74, RSI=0x000000001ee3f8e8, RDI=0x0000000002627cb0
R8 =0x000000001e66d800, R9 =0x0000000000000700, R10=0x0000000000000000, R11=0x000000001ee3fa53
R12=0x0000000000000000, R13=0x000000001e678238, R14=0x0000000000000000, R15=0x0000000000000000
RIP=0x00000000732aa6a5, EFLAGS=0x0000000000010206

Top of Stack: (sp=0x000000001ee3f7d0)
0x000000001ee3f7d0:   000000001e66d800 000000001e66d800
0x000000001ee3f7e0:   000000001ee3f898 00000000734a7c1b
0x000000001ee3f7f0:   000000001e66d800 00000000734c447d
0x000000001ee3f800:   0000000000000000 00000000744c9149
0x000000001ee3f810:   000000001e6a9d68 00000000744d2912
0x000000001ee3f820:   000000001e66d800 0000000000000000
0x000000001ee3f830:   0000000000000000 0000000000000000
0x000000001ee3f840:   0000003b6e003b74 00000000744d1a09
0x000000001ee3f850:   000000001ee3f8e8 000000001ee3f8c0
0x000000001ee3f860:   0000000000000001 000000001e6a9d68
0x000000001ee3f870:   0000003b6e003b74 00000000744b53b3
0x000000001ee3f880:   000000001ee3f9b0 0000000000000001
0x000000001ee3f890:   0000000000000001 000000001e6a9d68
0x000000001ee3f8a0:   0000000000000009 0000000000000000
0x000000001ee3f8b0:   0000000000000000 0000000000000000
0x000000001ee3f8c0:   0000000000000001 00000000744b5571 

Instructions: (pc=0x00000000732aa6a5)
0x00000000732aa685:   cc cc cc cc cc cc cc cc cc cc cc 48 83 ec 28 48
0x00000000732aa695:   85 c9 75 07 33 c0 48 83 c4 28 c3 48 89 5c 24 20
0x00000000732aa6a5:   48 8b 19 48 85 db 74 20 48 83 fb 37 74 1a 48 8b
0x00000000732aa6b5:   13 48 8b cb ff 52 10 84 c0 74 0d 48 8b c3 48 8b 


Register to memory mapping:

RAX=0x000000001ee3f801 is pointing into the stack for thread: 0x000000001e66d800
RBX=0x000000001e66d800 is a thread
RCX=0x0000003b6e003b74 is an unknown value
RDX=0x0000000000000000 is an unknown value
RSP=0x000000001ee3f7d0 is pointing into the stack for thread: 0x000000001e66d800
RBP=0x0000003b6e003b74 is an unknown value
RSI=0x000000001ee3f8e8 is pointing into the stack for thread: 0x000000001e66d800
RDI=0x0000000002627cb0 is an unknown value
R8 =0x000000001e66d800 is a thread
R9 =0x0000000000000700 is an unknown value
R10=0x0000000000000000 is an unknown value
R11=0x000000001ee3fa53 is pointing into the stack for thread: 0x000000001e66d800
R12=0x0000000000000000 is an unknown value
R13=0x000000001e678238 is an unknown value
R14=0x0000000000000000 is an unknown value
R15=0x0000000000000000 is an unknown value


Stack: [0x000000001ed40000,0x000000001ee40000],  sp=0x000000001ee3f7d0,  free space=1021k
Native frames: (J=compiled Java code, j=interpreted, Vv=VM code, C=native code)
V  [jvm.dll+0x11a6a5]
V  [jvm.dll+0x33447d]
C  [jdwp.dll+0x21a09]
C  [jdwp.dll+0x53b3]
C  [jdwp.dll+0x5571]
C  [jdwp.dll+0xf09c]
C  [jdwp.dll+0x1f2c9]
C  [jdwp.dll+0x1f49e]
V  [jvm.dll+0x1ac128]
V  [jvm.dll+0x22c194]
V  [jvm.dll+0x28576a]
C  [msvcr100.dll+0x21d9f]
C  [msvcr100.dll+0x21e3b]
C  [KERNEL32.DLL+0x167e]
C  [ntdll.dll+0x23501]


---------------  P R O C E S S  ---------------

Java Threads: ( => current thread )
  0x000000001e731800 JavaThread "Service Thread" daemon [_thread_blocked, id=9576, stack(0x000000001f440000,0x000000001f540000)]
  0x000000001e6b3000 JavaThread "C1 CompilerThread3" daemon [_thread_blocked, id=2604, stack(0x000000001f340000,0x000000001f440000)]
  0x000000001e6b2800 JavaThread "C2 CompilerThread2" daemon [_thread_blocked, id=8796, stack(0x000000001f240000,0x000000001f340000)]
  0x000000001e6b1800 JavaThread "C2 CompilerThread1" daemon [_thread_blocked, id=9560, stack(0x000000001f140000,0x000000001f240000)]
  0x000000001e6ab000 JavaThread "C2 CompilerThread0" daemon [_thread_blocked, id=9700, stack(0x000000001f040000,0x000000001f140000)]
  0x000000001e67f800 JavaThread "JDWP Command Reader" daemon [_thread_in_native, id=8336, stack(0x000000001ef40000,0x000000001f040000)]
  0x000000001e67c800 JavaThread "JDWP Event Helper Thread" daemon [_thread_blocked, id=9572, stack(0x000000001ee40000,0x000000001ef40000)]
=>0x000000001e66d800 JavaThread "JDWP Transport Listener: dt_socket" daemon [_thread_in_vm, id=2432, stack(0x000000001ed40000,0x000000001ee40000)]
  0x000000001e665800 JavaThread "Attach Listener" daemon [_thread_blocked, id=10032, stack(0x000000001eb40000,0x000000001ec40000)]
  0x000000001e664800 JavaThread "Signal Dispatcher" daemon [_thread_blocked, id=8304, stack(0x000000001ea40000,0x000000001eb40000)]
  0x0000000002b97800 JavaThread "Finalizer" daemon [_thread_blocked, id=940, stack(0x000000001e540000,0x000000001e640000)]
  0x000000000d5bb800 JavaThread "Reference Handler" daemon [_thread_blocked, id=9296, stack(0x000000001e440000,0x000000001e540000)]
  0x0000000002aa2800 JavaThread "main" [_thread_in_native, id=10036, stack(0x00000000026c0000,0x00000000027c0000)]

Other Threads:
  0x000000000d5b7800 VMThread [stack: 0x000000001e340000,0x000000001e440000] [id=5072]
  0x000000001e737000 WatcherThread [stack: 0x000000001f540000,0x000000001f640000] [id=7852]

VM state:not at safepoint (normal execution)

VM Mutex/Monitor currently owned by a thread: None

Heap:
 PSYoungGen      total 76288K, used 5243K [0x000000076b400000, 0x0000000770900000, 0x00000007c0000000)
  eden space 65536K, 8% used [0x000000076b400000,0x000000076b91ec68,0x000000076f400000)
  from space 10752K, 0% used [0x000000076fe80000,0x000000076fe80000,0x0000000770900000)
  to   space 10752K, 0% used [0x000000076f400000,0x000000076f400000,0x000000076fe80000)
 ParOldGen       total 175104K, used 0K [0x00000006c1c00000, 0x00000006cc700000, 0x000000076b400000)
  object space 175104K, 0% used [0x00000006c1c00000,0x00000006c1c00000,0x00000006cc700000)
 Metaspace       used 3312K, capacity 4566K, committed 4864K, reserved 1056768K
  class space    used 374K, capacity 390K, committed 512K, reserved 1048576K

Card table byte_map: [0x0000000002f60000,0x0000000003760000] byte_map_base: 0xffffffffff952000

Marking Bits: (ParMarkBitMap*) 0x000000007396d4f0
 Begin Bits: [0x00000000044b0000, 0x0000000008440000)
 End Bits:   [0x0000000008440000, 0x000000000c3d0000)

Polling page: 0x00000000009f0000

CodeCache: size=245760Kb used=1173Kb max_used=1173Kb free=244586Kb
 bounds [0x000000000f010000, 0x000000000f280000, 0x000000001e010000]
 total_blobs=286 nmethods=59 adapters=149
 compilation: enabled

Compilation events (10 events):
Event: 0.247 Thread 0x000000001e6b3000   55       3       java.util.regex.ASCII::isAscii (13 bytes)
Event: 0.247 Thread 0x000000001e6b3000 nmethod 55 0x000000000f134650 code [0x000000000f1347a0, 0x000000000f134930]
Event: 0.247 Thread 0x000000001e6b3000   56       3       java.util.regex.Pattern::peek (26 bytes)
Event: 0.247 Thread 0x000000001e6b3000 nmethod 56 0x000000000f134990 code [0x000000000f134b00, 0x000000000f134dc8]
Event: 0.247 Thread 0x000000001e6b3000   57       3       java.lang.Character::isBmpCodePoint (13 bytes)
Event: 0.247 Thread 0x000000001e6b3000 nmethod 57 0x000000000f134f10 code [0x000000000f135060, 0x000000000f1351f0]
Event: 0.247 Thread 0x000000001e6b3000   58       3       java.util.regex.Pattern::next (33 bytes)
Event: 0.247 Thread 0x000000001e6b3000 nmethod 58 0x000000000f135250 code [0x000000000f1353c0, 0x000000000f1356a8]
Event: 0.247 Thread 0x000000001e6b3000   59       1       java.util.regex.Pattern::flags (5 bytes)
Event: 0.247 Thread 0x000000001e6b3000 nmethod 59 0x000000000f1357d0 code [0x000000000f135920, 0x000000000f135a30]

GC Heap History (0 events):
No events

Deoptimization events (0 events):
No events

Internal exceptions (9 events):
Event: 0.026 Thread 0x0000000002aa2800 Exception <a 'java/lang/NoSuchMethodError': Method sun.misc.Unsafe.defineClass(Ljava/lang/String;[BII)Ljava/lang/Class; name or signature does not match> (0x000000076b40c700) thrown at [C:\workspace\8-2-build-windows-amd64-cygwin\jdk8u31\2394\hotspot\src\sëfÌ¬-š?
Event: 0.026 Thread 0x0000000002aa2800 Exception <a 'java/lang/NoSuchMethodError': Method sun.misc.Unsafe.prefetchRead(Ljava/lang/Object;J)V name or signature does not match> (0x000000076b40c990) thrown at [C:\workspace\8-2-build-windows-amd64-cygwin\jdk8u31\2394\hotspot\src\share\vm\prims\jni.œâ>q#É?
Event: 0.196 Thread 0x0000000002aa2800 Exception <a 'java/security/PrivilegedActionException'> (0x000000076b4602c0) thrown at [C:\workspace\8-2-build-windows-amd64-cygwin\jdk8u31\2394\hotspot\src\share\vm\prims\jvm.cpp, line 1312]
Event: 0.236 Thread 0x0000000002aa2800 Exception <a 'java/security/PrivilegedActionException'> (0x000000076b48a278) thrown at [C:\workspace\8-2-build-windows-amd64-cygwin\jdk8u31\2394\hotspot\src\share\vm\prims\jvm.cpp, line 1312]
Event: 0.236 Thread 0x0000000002aa2800 Exception <a 'java/security/PrivilegedActionException'> (0x000000076b48a5c0) thrown at [C:\workspace\8-2-build-windows-amd64-cygwin\jdk8u31\2394\hotspot\src\share\vm\prims\jvm.cpp, line 1312]
Event: 0.236 Thread 0x0000000002aa2800 Exception <a 'java/security/PrivilegedActionException'> (0x000000076b48e4e8) thrown at [C:\workspace\8-2-build-windows-amd64-cygwin\jdk8u31\2394\hotspot\src\share\vm\prims\jvm.cpp, line 1312]
Event: 0.236 Thread 0x0000000002aa2800 Exception <a 'java/security/PrivilegedActionException'> (0x000000076b48e830) thrown at [C:\workspace\8-2-build-windows-amd64-cygwin\jdk8u31\2394\hotspot\src\share\vm\prims\jvm.cpp, line 1312]
Event: 0.244 Thread 0x0000000002aa2800 Exception <a 'java/security/PrivilegedActionException'> (0x000000076b4a4680) thrown at [C:\workspace\8-2-build-windows-amd64-cygwin\jdk8u31\2394\hotspot\src\share\vm\prims\jvm.cpp, line 1312]
Event: 0.244 Thread 0x0000000002aa2800 Exception <a 'java/security/PrivilegedActionException'> (0x000000076b4a5840) thrown at [C:\workspace\8-2-build-windows-amd64-cygwin\jdk8u31\2394\hotspot\src\share\vm\prims\jvm.cpp, line 1312]

Events (10 events):
Event: 5753.670 Executing VM operation: ChangeBreakpoints
Event: 5753.670 Executing VM operation: ChangeBreakpoints done
Event: 6470.335 Executing VM operation: RedefineClasses
Event: 6470.335 Executing VM operation: RedefineClasses done
Event: 6493.536 Executing VM operation: RedefineClasses
Event: 6493.536 Executing VM operation: RedefineClasses done
Event: 6536.325 Executing VM operation: RedefineClasses
Event: 6536.326 Executing VM operation: RedefineClasses done
Event: 6873.582 Executing VM operation: RedefineClasses
Event: 6873.582 Executing VM operation: RedefineClasses done


Dynamic libraries:
0x000007f74d8f0000 - 0x000007f74d924000 	C:\Program Files\Java\jdk1.8.0_31\bin\javaw.exe
0x000007fa255d0000 - 0x000007fa2578e000 	C:\Windows\SYSTEM32\ntdll.dll
0x000007fa23ec0000 - 0x000007fa23ff6000 	C:\Windows\system32\KERNEL32.DLL
0x000007fa225d0000 - 0x000007fa226c3000 	C:\Windows\system32\KERNELBASE.dll
0x000007fa22e00000 - 0x000007fa22ede000 	C:\Windows\system32\ADVAPI32.dll
0x000007fa23a10000 - 0x000007fa23b5c000 	C:\Windows\system32\USER32.dll
0x000007fa202d0000 - 0x000007fa20539000 	C:\Windows\WinSxS\amd64_microsoft.windows.common-controls_6595b64144ccf1df_6.0.9200.16384_none_418c2a697189c07f\COMCTL32.dll
0x000007fa23820000 - 0x000007fa238c5000 	C:\Windows\system32\msvcrt.dll
0x000007fa22ee0000 - 0x000007fa22f28000 	C:\Windows\SYSTEM32\sechost.dll
0x000007fa22a50000 - 0x000007fa22b90000 	C:\Windows\system32\RPCRT4.dll
0x000007fa238d0000 - 0x000007fa23a10000 	C:\Windows\system32\GDI32.dll
0x000007fa23e80000 - 0x000007fa23eb9000 	C:\Windows\system32\IMM32.DLL
0x000007fa22ce0000 - 0x000007fa22df5000 	C:\Windows\system32\MSCTF.dll
0x000007fa224b0000 - 0x000007fa224e2000 	C:\Windows\system32\nvinitx.dll
0x000007fa224a0000 - 0x000007fa224a9000 	C:\Windows\SYSTEM32\VERSION.dll
0x000000000f000000 - 0x000000000f006000 	C:\Program Files\NVIDIA Corporation\CoProcManager\_etoured.dll
0x000007fa20290000 - 0x000007fa202c2000 	C:\Program Files\NVIDIA Corporation\CoProcManager\nvd3d9wrapx.dll
0x000007fa23bc0000 - 0x000007fa23d90000 	C:\Windows\system32\SETUPAPI.dll
0x000007fa22730000 - 0x000007fa2277f000 	C:\Windows\system32\CFGMGR32.dll
0x000007fa22780000 - 0x000007fa227a2000 	C:\Windows\system32\DEVOBJ.dll
0x000007fa20160000 - 0x000007fa20182000 	C:\Program Files\NVIDIA Corporation\CoProcManager\nvdxgiwrapx.dll
0x00000000739f0000 - 0x0000000073ac2000 	C:\Program Files\Java\jdk1.8.0_31\jre\bin\msvcr100.dll
0x0000000073190000 - 0x00000000739ea000 	C:\Program Files\Java\jdk1.8.0_31\jre\bin\server\jvm.dll
0x000007fa13890000 - 0x000007fa13899000 	C:\Windows\SYSTEM32\WSOCK32.dll
0x000007fa1d1e0000 - 0x000007fa1d200000 	C:\Windows\SYSTEM32\WINMM.dll
0x000007fa25350000 - 0x000007fa25357000 	C:\Windows\system32\PSAPI.DLL
0x000007fa23b60000 - 0x000007fa23bb8000 	C:\Windows\system32\WS2_32.dll
0x000007fa1d120000 - 0x000007fa1d152000 	C:\Windows\SYSTEM32\WINMMBASE.dll
0x000007fa22a40000 - 0x000007fa22a49000 	C:\Windows\system32\NSI.dll
0x0000000074540000 - 0x000000007454f000 	C:\Program Files\Java\jdk1.8.0_31\jre\bin\verify.dll
0x0000000074510000 - 0x0000000074538000 	C:\Program Files\Java\jdk1.8.0_31\jre\bin\java.dll
0x00000000744b0000 - 0x00000000744e5000 	C:\Program Files\Java\jdk1.8.0_31\jre\bin\jdwp.dll
0x0000000073180000 - 0x0000000073188000 	C:\Program Files\Java\jdk1.8.0_31\jre\bin\npt.dll
0x00000000744f0000 - 0x0000000074506000 	C:\Program Files\Java\jdk1.8.0_31\jre\bin\zip.dll
0x000007fa24000000 - 0x000007fa252e8000 	C:\Windows\system32\SHELL32.dll
0x000007fa230c0000 - 0x000007fa23270000 	C:\Windows\SYSTEM32\combase.dll
0x000007fa23e30000 - 0x000007fa23e80000 	C:\Windows\system32\SHLWAPI.dll
0x000007fa21670000 - 0x000007fa21706000 	C:\Windows\SYSTEM32\SHCORE.dll
0x000007fa22500000 - 0x000007fa22515000 	C:\Windows\SYSTEM32\profapi.dll
0x0000000073170000 - 0x0000000073179000 	C:\Program Files\Java\jdk1.8.0_31\jre\bin\dt_socket.dll
0x000007fa12ac0000 - 0x000007fa12ad4000 	C:\Windows\system32\napinsp.dll
0x000007fa12aa0000 - 0x000007fa12ab8000 	C:\Windows\system32\pnrpnsp.dll
0x000007fa20810000 - 0x000007fa20826000 	C:\Windows\system32\NLAapi.dll
0x000007fa21d00000 - 0x000007fa21d5c000 	C:\Windows\System32\mswsock.dll
0x000007fa21b40000 - 0x000007fa21bd8000 	C:\Windows\SYSTEM32\DNSAPI.dll
0x000007fa12a80000 - 0x000007fa12a92000 	C:\Windows\System32\winrnr.dll
0x000007fa12a60000 - 0x000007fa12a74000 	C:\Windows\system32\wshbth.dll
0x000007fa1c630000 - 0x000007fa1c68f000 	C:\Windows\System32\fwpuclnt.dll
0x000007fa13cc0000 - 0x000007fa13cc8000 	C:\Windows\System32\rasadhlp.dll
0x000007fa0e730000 - 0x000007fa0e893000 	C:\Windows\SYSTEM32\dbghelp.dll

VM Arguments:
jvm_args: -agentlib:jdwp=transport=dt_socket,suspend=y,address=localhost:55602 -Dfile.encoding=UTF-8 
java_command: com.spring.tutorial.HakerRank.greedy.LargestPermutation
java_class_path (initial): C:\Users\gg\git\hackerrank\HakerRank\target\classes
Launcher Type: SUN_STANDARD

Environment Variables:
JAVA_HOME=C:\Program Files\Java\jdk1.8.0_31
PATH=C:\Program Files\Java\jdk1.8.0_31\jre\bin;C:/Program Files/Java/jre1.8.0_31/bin/server;C:/Program Files/Java/jre1.8.0_31/bin;C:/Program Files/Java/jre1.8.0_31/lib/amd64;C:\Program Files (x86)\NVIDIA Corporation\PhysX\Common;C:\ProgramData\Oracle\Java\javapath;C:\Program Files (x86)\Intel\iCLS Client\;C:\Program Files\Intel\iCLS Client\;C:\Windows\system32;C:\Windows;C:\Windows\System32\Wbem;C:\Windows\System32\WindowsPowerShell\v1.0\;C:\Program Files (x86)\Windows Live\Shared;C:\Program Files\Intel\Intel(R) Management Engine Components\DAL;C:\Program Files\Intel\Intel(R) Management Engine Components\IPT;C:\Program Files (x86)\Intel\Intel(R) Management Engine Components\DAL;C:\Program Files (x86)\Intel\Intel(R) Management Engine Components\IPT;C:\Program Files (x86)\Skype\Phone\;C:\Work\eclipse;
USERNAME=gg
OS=Windows_NT
PROCESSOR_IDENTIFIER=Intel64 Family 6 Model 60 Stepping 3, GenuineIntel



---------------  S Y S T E M  ---------------

OS: Windows 8 , 64 bit Build 9200 

CPU:total 8 (4 cores per cpu, 2 threads per core) family 6 model 60 stepping 3, cmov, cx8, fxsr, mmx, sse, sse2, sse3, ssse3, sse4.1, sse4.2, popcnt, avx, avx2, aes, clmul, erms, lzcnt, ht, tsc, tscinvbit, bmi1, bmi2

Memory: 4k page, physical 16657512k(12516800k free), swap 19016808k(13000084k free)

vm_info: Java HotSpot(TM) 64-Bit Server VM (25.31-b07) for windows-amd64 JRE (1.8.0_31-b13), built on Dec 17 2014 21:00:28 by "java_re" with MS VC++ 10.0 (VS2010)

time: Tue Aug 09 14:27:27 2016
elapsed time: 6888 seconds (0d 1h 54m 48s)

